     1 00000000                                 ;TAB=4
     2  = 0000000A                              cyls equ 10			;要读入的柱面数
     3 00000000                                 
     4                                          	ORG		0x7c00	;指明程序装载地址
     5 00007C00                                 
     6 00007C00                                 ;以下这段是标准FAT12格式软盘专用的代码
     7 00007C00 EB 4E                           	jmp	entry
     8 00007C02 90                              	nop				;内存对齐
     9 00007C03 48 45 4C 4C 4F 49 50 4C         	DB	"HELLOIPL"	;启动区的名称可以是任意的字符串（8字节）
    10 00007C0B 0200                            	DW	512		;每个扇区（sector）的大小（必须为512字节）
    11 00007C0D 01                              	DB	1		;簇（cluster)的大小（必须为1个扇区）
    12 00007C0E 0001                            	DW	1		;FAT的起始位置（一般从第一个扇区开始）
    13 00007C10 02                              	DB	2		;FAT的个数（必须为2）
    14 00007C11 00E0                            	DW	224		;根目录的大小（一般设成224项）
    15 00007C13 0B40                            	DW	2880		;该磁盘的大小（必须是2880扇区）
    16 00007C15 F0                              	DB	0xf0		;磁盘的种类（必须是0xf0）
    17 00007C16 0009                            	DW	9		;FAT的长度（必须是9扇区）
    18 00007C18 0012                            	DW	18		;1个磁道（track）有几个扇区（必须是18）
    19 00007C1A 0002                            	DW	2		;磁头数（必须是2）
    20 00007C1C 00000000                        	DD	0		;不使用分区，必须是0
    21 00007C20 00000B40                        	DD 	2880		;重写一次磁盘大小
    22 00007C24 00 00 29                        	DB	0, 0, 0x29	;意义不明，固定
    23 00007C27 FFFFFFFF                        	DD	0xffffffff	;（可能是）卷标号码
    24 00007C2B 48 45 4C 4C 4F 2D 4F 53 20 20   	DB	"HELLO-OS   "	;磁盘名称（11字节）
       00007C35 20 
    25 00007C36 46 41 54 31 32 20 20 20         	DB	"FAT12   "	;磁盘格式名称（8字节）
    26 00007C3E 00 00 00 00 00 00 00 00 00 00   	RESB	18		;先空出18字节
       00007C48 00 00 00 00 00 00 00 00 
    27 00007C50                                 
    28 00007C50                                 ;程序主体
    29 00007C50                                 
    30 00007C50                                 entry:
    31 00007C50 B8 0000                         	mov	ax, 0	;初始化寄存器
    32 00007C53 8E D0                           	mov ss, ax
    33 00007C55 BC 7C00                         	mov sp, 0x7c00
    34 00007C58 8E D8                           	mov ds, ax
    35 00007C5A                                 
    36 00007C5A                                 ;读取磁盘
    37 00007C5A B8 0820                         	mov ax, 0x0820
    38 00007C5D 8E C0                           	mov es, ax
    39 00007C5F B5 00                           	mov ch, 0	;柱面0
    40 00007C61 B6 00                           	mov dh, 0	;磁头0
    41 00007C63 B1 02                           	mov cl, 2	;扇区2
    42 00007C65                                 
    43 00007C65                                 readloop:
    44 00007C65 BE 0000                         	mov si, 0	;记录失败次数寄存器
    45 00007C68                                 
    46 00007C68                                 retry:
    47 00007C68 B4 02                           	mov ah, 0x02	;ah=0x02 : 读入磁盘
    48 00007C6A B0 01                           	mov al, 1		;		
    49 00007C6C BB 0000                         	mov bx, 0
    50 00007C6F B2 00                           	mov dl, 0x00	;A驱动器
    51 00007C71 CD 13                           	int 0x13		;调用磁盘BIOS
    52 00007C73 73 10                           	jnc	next		;没出错就跳转到fin
    53 00007C75 83 C6 01                        	add si, 1		;往si加1
    54 00007C78 83 FE 05                        	cmp	si, 5		;比较si与5
    55 00007C7B 73 32                           	jae error		;si >= 5 跳转到error
    56 00007C7D B4 00                           	mov	ah, 0x00
    57 00007C7F B2 00                           	mov dl, 0x00	;A驱动器
    58 00007C81 CD 13                           	int 0x13		;重置驱动器
    59 00007C83 EB E3                           	jmp	retry
    60 00007C85                                 
    61 00007C85                                 next: 
    62 00007C85 8C C0                           	mov ax, es		;把内存地址往后移0x200(512/16十六进制转换)
    63 00007C87 05 0020                         	add ax, 0x0020	
    64 00007C8A 8E C0                           	mov es, ax		;add es, 0x020因为没有add es, 只能通过ax进行
    65 00007C8C 80 C1 01                        	add cl, 1
    66 00007C8F 80 F9 12                        	cmp cl, 18
    67 00007C92 76 D1                           	jbe	readloop	; cl <= 18 跳转到readloop
    68 00007C94 B1 01                           	mov cl, 1
    69 00007C96 80 C6 01                        	add dh, 1
    70 00007C99 80 FE 02                        	cmp dh, 2
    71 00007C9C 72 C7                           	jb readloop		; dh < 2 跳转到readloop
    72 00007C9E B6 00                           	mov dh, 0
    73 00007CA0 80 C5 01                        	add ch, 1
    74 00007CA3 80 FD 0A                        	cmp ch, cyls
    75 00007CA6 72 BD                           	jb readloop		; ch < cyls 跳转到readloop
    76 00007CA8                                 
    77 00007CA8                                 ; 跳转到os
    78 00007CA8 88 2E 0FF0                      	mov [0x0ff0], ch	;记录读取的柱面数
    79 00007CAC E9 4551                         	jmp 0xc200
    80 00007CAF                                 
    81 00007CAF                                 
    82 00007CAF                                 
    83 00007CAF                                 error:
    84 00007CAF BE 7CC7                         	mov si, msg
    85 00007CB2                                 
    86 00007CB2                                 putloop:
    87 00007CB2 8A 04                           	mov	al, [si]
    88 00007CB4 83 C6 01                        	add si, 1
    89 00007CB7 3C 00                           	cmp al, 0
    90 00007CB9 74 09                           	je 	fin
    91 00007CBB B4 0E                           	mov ah, 0x0e	;显示一个文字
    92 00007CBD BB 000F                         	mov bx, 15		;指定字符颜色
    93 00007CC0 CD 10                           	int 0x10		;调用显卡bios
    94 00007CC2 EB EE                           	jmp	putloop
    95 00007CC4                                 
    96 00007CC4                                 fin:
    97 00007CC4 F4                              	hlt				;让CPU待机，等待指令
    98 00007CC5 EB FD                           	jmp	fin			;无限循环
    99 00007CC7                                 
   100 00007CC7                                 msg:
   101 00007CC7 0A 0A                           	db	0x0a, 0x0a
   102 00007CC9 6C 6F 61 64 20 65 72 72 6F 72   	db 	"load error"
   103 00007CD3 0A                              	db	0x0a
   104 00007CD4 00                              	db 	0
   105 00007CD5                                 
   106 00007CD5 00 00 00 00 00 00 00 00 00 00   	resb 0x7dfe-$	;填写0x00直到0x001fe
       00007CDF 00 00 00 00 00 00 00 00 00 00 
       00007CE9 00 00 00 00 00 00 00 00 00 00 
       00007CF3 00 00 00 00 00 00 00 00 00 00 
       00007CFD 00 00 00 00 00 00 00 00 00 00 
       00007D07 00 00 00 00 00 00 00 00 00 00 
       00007D11 00 00 00 00 00 00 00 00 00 00 
       00007D1B 00 00 00 00 00 00 00 00 00 00 
       00007D25 00 00 00 00 00 00 00 00 00 00 
       00007D2F 00 00 00 00 00 00 00 00 00 00 
       00007D39 00 00 00 00 00 00 00 00 00 00 
       00007D43 00 00 00 00 00 00 00 00 00 00 
       00007D4D 00 00 00 00 00 00 00 00 00 00 
       00007D57 00 00 00 00 00 00 00 00 00 00 
       00007D61 00 00 00 00 00 00 00 00 00 00 
       00007D6B 00 00 00 00 00 00 00 00 00 00 
       00007D75 00 00 00 00 00 00 00 00 00 00 
       00007D7F 00 00 00 00 00 00 00 00 00 00 
       00007D89 00 00 00 00 00 00 00 00 00 00 
       00007D93 00 00 00 00 00 00 00 00 00 00 
       00007D9D 00 00 00 00 00 00 00 00 00 00 
       00007DA7 00 00 00 00 00 00 00 00 00 00 
       00007DB1 00 00 00 00 00 00 00 00 00 00 
       00007DBB 00 00 00 00 00 00 00 00 00 00 
       00007DC5 00 00 00 00 00 00 00 00 00 00 
       00007DCF 00 00 00 00 00 00 00 00 00 00 
       00007DD9 00 00 00 00 00 00 00 00 00 00 
       00007DE3 00 00 00 00 00 00 00 00 00 00 
       00007DED 00 00 00 00 00 00 00 00 00 00 
       00007DF7 00 00 00 00 00 00 00 
   107 00007DFE 55 AA                           	db 0x55, 0xaa
